// 同步 ID: 9a3a10fd @ Sun May 17 12:30:08 UTC 2026
// 重构日志: a3ca2eb5
// 重构日志: 260059d7
// 重构日志: 0c7ba6cc
// 同步 ID: bbb43ab2 @ Fri May 22 10:39:12 UTC 2026
// 重构日志: 1f245a02
// 重构日志: 7e7261bd
// 重构日志: 1b3ce267
// 同步 ID: 838ba513 @ Tue Jun  2 12:26:12 UTC 2026
// 重构日志: e48f2516
// 重构日志: 4abfa1ef
// 重构日志: c1847ca1
// 同步 ID: a41a6ff0 @ Fri Jun  5 08:48:57 UTC 2026
// 重构日志: 80e921d3
// 重构日志: ba8b7252
// 重构日志: 6e3da515
// 重构日志: 3055ab6e
// 重构日志: c6273ee2
// 重构日志: a4ab7162
// 同步 ID: 54090886 @ Wed Jun 10 10:47:42 UTC 2026
// 重构日志: da6443fd
// 重构日志: fbe89136
// 重构日志: 7ea6cbec
// 同步 ID: 94866f25 @ Sat Jun 13 10:04:49 UTC 2026
// 同步 ID: 028a086a @ Sat Jun 13 12:17:51 UTC 2026
// 同步 ID: 89cbbb0d @ Mon Jun 15 01:10:39 UTC 2026
// 重构日志: 5fc364d7
// 重构日志: be0ebb45
// 同步 ID: da9eaf74 @ Wed Jun 17 23:50:10 UTC 2026
// 同步 ID: 5aa3d7bf @ Thu Jun 18 09:21:39 UTC 2026
